#
# There is insufficient memory for the Java Runtime Environment to continue.
# Native memory allocation (mmap) failed to map 132120576 bytes for G1 virtual space
# Possible reasons:
#   The system is out of physical RAM or swap space
#   The process is running with CompressedOops enabled, and the Java Heap may be blocking the growth of the native heap
# Possible solutions:
#   Reduce memory load on the system
#   Increase physical memory or swap space
#   Check if swap backing store is full
#   Decrease Java heap size (-Xmx/-Xms)
#   Decrease number of Java threads
#   Decrease Java thread stack sizes (-Xss)
#   Set larger code cache with -XX:ReservedCodeCacheSize=
#   JVM is running with Unscaled Compressed Oops mode in which the Java heap is
#     placed in the first 4GB address space. The Java Heap base address is the
#     maximum limit for the native heap growth. Please use -XX:HeapBaseMinAddress
#     to set the Java Heap base and to place the Java Heap above 4GB virtual address.
# This output file may be truncated or incomplete.
#
#  Out of Memory Error (os_windows.cpp:3613), pid=23344, tid=10400
#
# JRE version:  (17.0.9+9) (build )
# Java VM: OpenJDK 64-Bit Server VM (17.0.9+9, mixed mode, sharing, tiered, compressed oops, compressed class ptrs, g1 gc, windows-amd64)
# No core dump will be written. Minidumps are not enabled by default on client versions of Windows
#

---------------  S U M M A R Y ------------

Command Line: -Dfile.encoding=UTF-8 -Dstdout.encoding=UTF-8 -Dstderr.encoding=UTF-8 -XX:+ShowCodeDetailsInExceptionMessages main

Host: Intel(R) Core(TM) i5-10300H CPU @ 2.50GHz, 8 cores, 7G,  Windows 11 , 64 bit Build 22621 (10.0.22621.3085)
Time: Wed Mar  6 14:55:21 2024  Windows 11 , 64 bit Build 22621 (10.0.22621.3085) elapsed time: 0.013943 seconds (0d 0h 0m 0s)

---------------  T H R E A D  ---------------

Current thread (0x000001ee58de9a00):  JavaThread "Unknown thread" [_thread_in_vm, id=10400, stack(0x0000004ff7a00000,0x0000004ff7b00000)]

Stack: [0x0000004ff7a00000,0x0000004ff7b00000]
Native frames: (J=compiled Java code, j=interpreted, Vv=VM code, C=native code)
V  [jvm.dll+0x67cf49]
V  [jvm.dll+0x83478a]
V  [jvm.dll+0x83624e]
V  [jvm.dll+0x8368b3]
V  [jvm.dll+0x247f1f]
V  [jvm.dll+0x679d69]
V  [jvm.dll+0x66e6ba]
V  [jvm.dll+0x307e5b]
V  [jvm.dll+0x30f306]
V  [jvm.dll+0x35f0ce]
V  [jvm.dll+0x35f2ff]
V  [jvm.dll+0x2dea58]
V  [jvm.dll+0x2df9c4]
V  [jvm.dll+0x806031]
V  [jvm.dll+0x36cf31]
V  [jvm.dll+0x7e4aac]
V  [jvm.dll+0x3f07af]
V  [jvm.dll+0x3f23e1]
C  [jli.dll+0x528f]
C  [ucrtbase.dll+0x29363]
C  [KERNEL32.DLL+0x1257d]
C  [ntdll.dll+0x5aa58]


---------------  P R O C E S S  ---------------

Threads class SMR info:
_java_thread_list=0x00007ff8ba9aee98, length=0, elements={
}

Java Threads: ( => current thread )

Other Threads:
  0x000001ee58e47830 GCTaskThread "GC Thread#0" [stack: 0x0000004ff7b00000,0x0000004ff7c00000] [id=9240]
  0x000001ee58e58120 ConcurrentGCThread "G1 Main Marker" [stack: 0x0000004ff7c00000,0x0000004ff7d00000] [id=14172]
  0x000001ee58e59180 ConcurrentGCThread "G1 Conc#0" [stack: 0x0000004ff7d00000,0x0000004ff7e00000] [id=6444]

[error occurred during error reporting (printing all threads), id 0xc0000005, EXCEPTION_ACCESS_VIOLATION (0xc0000005) at pc=0x00007ff8ba16f497]

VM state: not at safepoint (not fully initialized)

VM Mutex/Monitor currently owned by a thread:  ([mutex/lock_event])
[0x000001ee58de4690] Heap_lock - owner thread: 0x000001ee58de9a00

Heap address: 0x0000000082800000, size: 2008 MB, Compressed Oops mode: 32-bit

CDS archive(s) mapped at: [0x0000000000000000-0x0000000000000000-0x0000000000000000), size 0, SharedBaseAddress: 0x0000000800000000, ArchiveRelocationMode: 1.
Narrow klass base: 0x0000000000000000, Narrow klass shift: 0, Narrow klass range: 0x0

GC Precious Log:
<Empty>

Heap:
 garbage-first heap   total 0K, used 0K [0x0000000082800000, 0x0000000100000000)
  region size 1024K, 0 young (0K), 0 survivors (0K)

[error occurred during error reporting (printing heap information), id 0xc0000005, EXCEPTION_ACCESS_VIOLATION (0xc0000005) at pc=0x00007ff8ba556c79]

GC Heap History (0 events):
No events

Dll operation events (1 events):
Event: 0.008 Loaded shared library D:\Downloads\eclipse-java-2023-12-R-win32-x86_64\eclipse\plugins\org.eclipse.justj.openjdk.hotspot.jre.full.win32.x86_64_17.0.9.v20231028-0858\jre\bin\java.dll

Deoptimization events (0 events):
No events

Classes unloaded (0 events):
No events

Classes redefined (0 events):
No events

Internal exceptions (0 events):
No events

VM Operations (0 events):
No events

Events (0 events):
No events


Dynamic libraries:
0x00007ff7705f0000 - 0x00007ff7705fe000 	D:\Downloads\eclipse-java-2023-12-R-win32-x86_64\eclipse\plugins\org.eclipse.justj.openjdk.hotspot.jre.full.win32.x86_64_17.0.9.v20231028-0858\jre\bin\javaw.exe
0x00007ff900230000 - 0x00007ff900447000 	C:\Windows\SYSTEM32\ntdll.dll
0x00007ff8fe8f0000 - 0x00007ff8fe9b4000 	C:\Windows\System32\KERNEL32.DLL
0x00007ff8fd780000 - 0x00007ff8fdb26000 	C:\Windows\System32\KERNELBASE.dll
0x00007ff8fdb30000 - 0x00007ff8fdc41000 	C:\Windows\System32\ucrtbase.dll
0x00007ff8f7490000 - 0x00007ff8f74ab000 	D:\Downloads\eclipse-java-2023-12-R-win32-x86_64\eclipse\plugins\org.eclipse.justj.openjdk.hotspot.jre.full.win32.x86_64_17.0.9.v20231028-0858\jre\bin\VCRUNTIME140.dll
0x00007ff8f6310000 - 0x00007ff8f6327000 	D:\Downloads\eclipse-java-2023-12-R-win32-x86_64\eclipse\plugins\org.eclipse.justj.openjdk.hotspot.jre.full.win32.x86_64_17.0.9.v20231028-0858\jre\bin\jli.dll
0x00007ff8ffc40000 - 0x00007ff8ffdee000 	C:\Windows\System32\USER32.dll
0x00007ff8ea6b0000 - 0x00007ff8ea943000 	C:\Windows\WinSxS\amd64_microsoft.windows.common-controls_6595b64144ccf1df_6.0.22621.2506_none_270c5ae97388e100\COMCTL32.dll
0x00007ff8fd570000 - 0x00007ff8fd596000 	C:\Windows\System32\win32u.dll
0x00007ff8fea30000 - 0x00007ff8fead7000 	C:\Windows\System32\msvcrt.dll
0x00007ff8fe740000 - 0x00007ff8fe769000 	C:\Windows\System32\GDI32.dll
0x00007ff8fd5a0000 - 0x00007ff8fd6b8000 	C:\Windows\System32\gdi32full.dll
0x00007ff8fdcd0000 - 0x00007ff8fdd6a000 	C:\Windows\System32\msvcp_win.dll
0x00007ff8fe3c0000 - 0x00007ff8fe3f1000 	C:\Windows\System32\IMM32.DLL
0x00007ff8f6300000 - 0x00007ff8f630c000 	D:\Downloads\eclipse-java-2023-12-R-win32-x86_64\eclipse\plugins\org.eclipse.justj.openjdk.hotspot.jre.full.win32.x86_64_17.0.9.v20231028-0858\jre\bin\vcruntime140_1.dll
0x00007ff8d5b60000 - 0x00007ff8d5bed000 	D:\Downloads\eclipse-java-2023-12-R-win32-x86_64\eclipse\plugins\org.eclipse.justj.openjdk.hotspot.jre.full.win32.x86_64_17.0.9.v20231028-0858\jre\bin\msvcp140.dll
0x00007ff8b9e80000 - 0x00007ff8baae1000 	D:\Downloads\eclipse-java-2023-12-R-win32-x86_64\eclipse\plugins\org.eclipse.justj.openjdk.hotspot.jre.full.win32.x86_64_17.0.9.v20231028-0858\jre\bin\server\jvm.dll
0x00007ff8ffe90000 - 0x00007ff8fff43000 	C:\Windows\System32\ADVAPI32.dll
0x00007ff8fe620000 - 0x00007ff8fe6c8000 	C:\Windows\System32\sechost.dll
0x00007ff8fdd70000 - 0x00007ff8fdd98000 	C:\Windows\System32\bcrypt.dll
0x00007ff8fe250000 - 0x00007ff8fe367000 	C:\Windows\System32\RPCRT4.dll
0x00007ff8fc3c0000 - 0x00007ff8fc40d000 	C:\Windows\SYSTEM32\POWRPROF.dll
0x00007ff8f72f0000 - 0x00007ff8f72f9000 	C:\Windows\SYSTEM32\WSOCK32.dll
0x00007ff8fe870000 - 0x00007ff8fe8e1000 	C:\Windows\System32\WS2_32.dll
0x00007ff8f6130000 - 0x00007ff8f6164000 	C:\Windows\SYSTEM32\WINMM.dll
0x00007ff8f6360000 - 0x00007ff8f636a000 	C:\Windows\SYSTEM32\VERSION.dll
0x00007ff8fc3a0000 - 0x00007ff8fc3b3000 	C:\Windows\SYSTEM32\UMPDC.dll
0x00007ff8fc660000 - 0x00007ff8fc678000 	C:\Windows\SYSTEM32\kernel.appcore.dll
0x00007ff8f72e0000 - 0x00007ff8f72ea000 	D:\Downloads\eclipse-java-2023-12-R-win32-x86_64\eclipse\plugins\org.eclipse.justj.openjdk.hotspot.jre.full.win32.x86_64_17.0.9.v20231028-0858\jre\bin\jimage.dll
0x00007ff8fae60000 - 0x00007ff8fb093000 	C:\Windows\SYSTEM32\DBGHELP.DLL
0x00007ff8fef70000 - 0x00007ff8ff2f9000 	C:\Windows\System32\combase.dll
0x00007ff8ff300000 - 0x00007ff8ff3d7000 	C:\Windows\System32\OLEAUT32.dll
0x00007ff8f3760000 - 0x00007ff8f3792000 	C:\Windows\SYSTEM32\dbgcore.DLL
0x00007ff8fdc50000 - 0x00007ff8fdcca000 	C:\Windows\System32\bcryptPrimitives.dll
0x00007ff8f6210000 - 0x00007ff8f6235000 	D:\Downloads\eclipse-java-2023-12-R-win32-x86_64\eclipse\plugins\org.eclipse.justj.openjdk.hotspot.jre.full.win32.x86_64_17.0.9.v20231028-0858\jre\bin\java.dll

dbghelp: loaded successfully - version: 4.0.5 - missing functions: none
symbol engine: initialized successfully - sym options: 0x614 - pdb path: .;D:\Downloads\eclipse-java-2023-12-R-win32-x86_64\eclipse\plugins\org.eclipse.justj.openjdk.hotspot.jre.full.win32.x86_64_17.0.9.v20231028-0858\jre\bin;C:\Windows\SYSTEM32;C:\Windows\WinSxS\amd64_microsoft.windows.common-controls_6595b64144ccf1df_6.0.22621.2506_none_270c5ae97388e100;D:\Downloads\eclipse-java-2023-12-R-win32-x86_64\eclipse\plugins\org.eclipse.justj.openjdk.hotspot.jre.full.win32.x86_64_17.0.9.v20231028-0858\jre\bin\server

VM Arguments:
jvm_args: -Dfile.encoding=UTF-8 -Dstdout.encoding=UTF-8 -Dstderr.encoding=UTF-8 -XX:+ShowCodeDetailsInExceptionMessages 
java_command: main
java_class_path (initial): C:\Users\teren\eclipse-workspace\BorderLayout\bin
Launcher Type: SUN_STANDARD

[Global flags]
     intx CICompilerCount                          = 4                                         {product} {ergonomic}
     uint ConcGCThreads                            = 2                                         {product} {ergonomic}
     uint G1ConcRefinementThreads                  = 8                                         {product} {ergonomic}
   size_t G1HeapRegionSize                         = 1048576                                   {product} {ergonomic}
    uintx GCDrainStackTargetSize                   = 64                                        {product} {ergonomic}
   size_t InitialHeapSize                          = 132120576                                 {product} {ergonomic}
   size_t MarkStackSize                            = 4194304                                   {product} {ergonomic}
   size_t MaxHeapSize                              = 2105540608                                {product} {ergonomic}
   size_t MinHeapDeltaBytes                        = 1048576                                   {product} {ergonomic}
   size_t MinHeapSize                              = 8388608                                   {product} {ergonomic}
    uintx NonNMethodCodeHeapSize                   = 5839372                                {pd product} {ergonomic}
    uintx NonProfiledCodeHeapSize                  = 122909434                              {pd product} {ergonomic}
    uintx ProfiledCodeHeapSize                     = 122909434                              {pd product} {ergonomic}
    uintx ReservedCodeCacheSize                    = 251658240                              {pd product} {ergonomic}
     bool SegmentedCodeCache                       = true                                      {product} {ergonomic}
     bool ShowCodeDetailsInExceptionMessages       = true                                   {manageable} {command line}
   size_t SoftMaxHeapSize                          = 2105540608                             {manageable} {ergonomic}
     bool UseCompressedClassPointers               = true                           {product lp64_product} {ergonomic}
     bool UseCompressedOops                        = true                           {product lp64_product} {ergonomic}
     bool UseG1GC                                  = true                                      {product} {ergonomic}
     bool UseLargePagesIndividualAllocation        = false                                  {pd product} {ergonomic}

Logging:
Log output configuration:
 #0: stdout all=warning uptime,level,tags
 #1: stderr all=off uptime,level,tags

Environment Variables:
JAVA_HOME=C:\Users\teren\AppData\Local\Programs\Eclipse Adoptium\jdk-17.0.9.9-hotspot\
PATH=D:/Downloads/eclipse-java-2023-12-R-win32-x86_64/eclipse//plugins/org.eclipse.justj.openjdk.hotspot.jre.full.win32.x86_64_17.0.9.v20231028-0858/jre/bin/server;D:/Downloads/eclipse-java-2023-12-R-win32-x86_64/eclipse//plugins/org.eclipse.justj.openjdk.hotspot.jre.full.win32.x86_64_17.0.9.v20231028-0858/jre/bin;C:\Windows\system32;C:\Windows;C:\Windows\System32\Wbem;C:\Windows\System32\WindowsPowerShell\v1.0\;C:\Windows\System32\OpenSSH\;C:\Program Files\Azure Data Studio\bin;C:\Program Files (x86)\Microsoft SQL Server\160\Tools\Binn\;C:\Program Files\Microsoft SQL Server\160\Tools\Binn\;C:\Program Files\Microsoft SQL Server\Client SDK\ODBC\170\Tools\Binn\;C:\Program Files\Microsoft SQL Server\160\DTS\Binn\;C:\Program Files (x86)\Microsoft SQL Server\160\DTS\Binn\;C:\Program Files\dotnet\;C:\Users\teren\AppData\Local\Programs\Eclipse Adoptium\jdk-17.0.9.9-hotspot\bin;C:\Users\teren\AppData\Local\Microsoft\WindowsApps;;C:\Program Files\Azure Data Studio\bin;D:\Downloads\eclipse-java-2023-12-R-win32-x86_64\eclipse;
USERNAME=teren
OS=Windows_NT
PROCESSOR_IDENTIFIER=Intel64 Family 6 Model 165 Stepping 2, GenuineIntel
TMP=C:\Users\teren\AppData\Local\Temp
TEMP=C:\Users\teren\AppData\Local\Temp



Periodic native trim disabled


---------------  S Y S T E M  ---------------

OS:
 Windows 11 , 64 bit Build 22621 (10.0.22621.3085)
OS uptime: 15 days 20:32 hours
Hyper-V role detected

CPU: total 8 (initial active 8) (4 cores per cpu, 2 threads per core) family 6 model 165 stepping 2 microcode 0xe0, cx8, cmov, fxsr, ht, mmx, 3dnowpref, sse, sse2, sse3, ssse3, sse4.1, sse4.2, popcnt, lzcnt, tsc, tscinvbit, avx, avx2, aes, erms, clmul, bmi1, bmi2, adx, fma, vzeroupper, clflush, clflushopt, hv
Processor Information for all 8 processors :
  Max Mhz: 2496, Current Mhz: 2496, Mhz Limit: 2496

Memory: 4k page, system-wide physical 8029M (1292M free)
TotalPageFile size 20399M (AvailPageFile size 101M)
current process WorkingSet (physical memory assigned to process): 11M, peak: 11M
current process commit charge ("private bytes"): 60M, peak: 186M

vm_info: OpenJDK 64-Bit Server VM (17.0.9+9) for windows-amd64 JRE (17.0.9+9), built on Oct 26 2023 14:01:42 by "admin" with MS VC++ 16.10 / 16.11 (VS2019)

END.
